*----------------------------------------------------------------------------------------
*	Innovus 17.11-s080_1 (64bit) 08/04/2017 11:13 (Linux 2.6.18-194.el5)
*	
*
* 	Date & Time:	2020-Oct-27 09:16:51 (2020-Oct-27 08:16:51 GMT)
*
*----------------------------------------------------------------------------------------
*
*	Design: myiir
*
*	Liberty Libraries used: 
*	        MyAnView: /home/isa04/Desktop/lab1/innovus/myiir.enc.dat/libs/mmmc/NangateOpenCellLibrary_typical_ecsm_nowlm.lib
*
*	Power Domain used: 
*		Rail:        VDD 	Voltage:        1.1 
*
*       Power View : MyAnView
*
*       User-Defined Activity : N.A.
*
*	Switching Activity File used: 
*	        ../vcd/design.vcd
*			Vcd Window used(Start Time, Stop Time):(-2.03276e-25, -2.03276e-25) 
*                     Vcd Scale Factor: 1 
**                    Design annotation coverage: 0/699 = 0% 
*
*       Hierarchical Global Activity: N.A.
*
*       Global Activity: N.A.
*
*       Sequential Element Activity: N.A.
*
*       Primary Input Activity: 0.200000
*
*       Default icg ratio: N.A.
*
*       Global Comb ClockGate Ratio: N.A.
*
*	Power Units = 1mW
*
*	Time Units = 1e-09 secs 
*
*       Temperature = 25 
*
*       report_power -outfile .//myiir.rpt -rail_analysis_format VS
*
-----------------------------------------------------------------------------------------
Cell                            Internal   Switching       Total     Leakage   Cell
                                   Power       Power       Power       Power   Name
--------------------------------------------------------------------------------------
iir_inst_add_53_U1_6            0.001314    0.001986    0.003368    6.75e-05  FA_X1
iir_inst_add_53_U1_7            0.001329    0.001967    0.003364   6.745e-05  FA_X1
iir_inst_add_53_U1_5            0.001281    0.001919    0.003267   6.747e-05  FA_X1
iir_inst_add_53_U1_4            0.001219    0.001971    0.003257   6.743e-05  FA_X1
iir_inst_add_53_U1_3            0.001132    0.001974    0.003173   6.733e-05  FA_X1
iir_inst_add_53_U1_8            0.001332    0.001601    0.003001   6.754e-05  FA_X1
iir_inst_add_53_U1_2           0.0009136    0.001672    0.002653   6.713e-05  FA_X1
iir_inst_mult_55_U18            0.001433   0.0009788    0.002487    7.52e-05  FA_X1
iir_inst_mult_55_U29             0.00143   0.0009819     0.00248   6.888e-05  FA_X1
iir_inst_sw_reg_5_              0.001143    0.001258     0.00248   7.885e-05  DFF_X1
iir_inst_mult_55_U32            0.001427    0.000978    0.002472   6.739e-05  FA_X1
iir_inst_sw_reg_8_              0.001144    0.001249    0.002472   7.885e-05  DFF_X1
iir_inst_mult_55_U25            0.001432   0.0009652    0.002466   6.867e-05  FA_X1
iir_inst_sw_reg_6_              0.001143    0.001236    0.002458   7.885e-05  DFF_X1
iir_inst_mult_55_U8             0.001434   0.0009496    0.002453   6.899e-05  FA_X1
iir_inst_sw_reg_7_              0.001143    0.001229    0.002451   7.885e-05  DFF_X1
iir_inst_mult_55_U9             0.001429   0.0009538    0.002449    6.67e-05  FA_X1
iir_inst_sw_reg_4_              0.001142    0.001224    0.002446   7.885e-05  DFF_X1
iir_inst_mult_55_U22            0.001434   0.0009361    0.002443   7.252e-05  FA_X1
iir_inst_mult_55_U20            0.001426   0.0009446    0.002441   7.049e-05  FA_X1
iir_inst_sw_reg_3_              0.001141    0.001212    0.002432   7.885e-05  DFF_X1
iir_inst_mult_55_U5             0.001434   0.0009236    0.002431   7.309e-05  FA_X1
iir_inst_mult_55_U7             0.001433   0.0009215    0.002425   6.996e-05  FA_X1
iir_inst_mult_55_U4             0.001433   0.0009157    0.002421    7.24e-05  FA_X1
iir_inst_sw_reg_0_              0.001141    0.001197    0.002417   7.885e-05  DFF_X1
iir_inst_mult_56_U6             0.001426   0.0009192    0.002417   7.118e-05  FA_X1
iir_inst_mult_56_U8             0.001391   0.0009511    0.002411   6.851e-05  FA_X1
iir_inst_mult_55_U6             0.001433   0.0008909    0.002395    7.11e-05  FA_X1
iir_inst_mult_56_U5             0.001429   0.0008852    0.002387   7.309e-05  FA_X1
iir_inst_mult_56_U4             0.001428   0.0008852    0.002385    7.24e-05  FA_X1
iir_inst_mult_56_U3             0.001428   0.0008322    0.002334   7.431e-05  FA_X1
iir_inst_mult_55_U3              0.00143   0.0007846    0.002289   7.431e-05  FA_X1
iir_inst_mult_55_U37            0.001366   0.0008057     0.00224   6.784e-05  FA_X1
iir_inst_sw_reg_2_              0.001062    0.001096    0.002237   7.885e-05  DFF_X1
iir_inst_mult_55_U35            0.001232   0.0008614    0.002156   6.228e-05  FA_X1
iir_inst_mult_56_U9             0.001249   0.0008189    0.002134   6.674e-05  FA_X1
iir_inst_mult_55_U26             0.00128   0.0007681    0.002121   7.256e-05  FA_X1
iir_inst_add_62_U1_1            0.001428   0.0006181    0.002119   7.356e-05  FA_X1
iir_inst_mult_55_U33             0.00126   0.0007827     0.00211   6.712e-05  FA_X1
iir_inst_add_62_U1_6            0.001423   0.0006064    0.002105   7.571e-05  FA_X1
iir_inst_add_62_U1_5            0.001422   0.0006045    0.002103   7.564e-05  FA_X1
iir_inst_mult_54_U6             0.001419   0.0006064    0.002099    7.29e-05  FA_X1
iir_inst_add_62_U1_3            0.001423   0.0005977    0.002096   7.521e-05  FA_X1
iir_inst_mult_54_U7             0.001419   0.0005957    0.002086   7.101e-05  FA_X1
iir_inst_mult_55_U23            0.001257   0.0007541    0.002082    7.02e-05  FA_X1
iir_inst_add_62_U1_4            0.001422   0.0005823     0.00208   7.549e-05  FA_X1
iir_inst_mult_54_U5             0.001417   0.0005901     0.00208   7.235e-05  FA_X1
iir_inst_mult_54_U4             0.001418   0.0005833    0.002076   7.429e-05  FA_X1
iir_inst_mult_56_U7             0.001207   0.0007973    0.002074   6.988e-05  FA_X1
iir_inst_add_62_U1_2            0.001422   0.0005729     0.00207   7.465e-05  FA_X1
iir_inst_mult_55_U36            0.001215   0.0007586    0.002038     6.5e-05  FA_X1
iir_inst_mult_55_U17             0.00126   0.0006851    0.002016   7.051e-05  FA_X1
iir_inst_add_53_U2              0.000672    0.001308    0.002011   3.045e-05  XOR2_X1
iir_inst_mult_54_U8             0.001362   0.0005702    0.002002   6.978e-05  FA_X1
iir_inst_mult_55_U39            0.001175     0.00073     0.00197     6.5e-05  FA_X1
iir_inst_mult_55_U21            0.001258   0.0006382    0.001967   7.051e-05  FA_X1
iir_inst_mult_54_U3              0.00139   0.0004978    0.001965   7.695e-05  FA_X1
iir_inst_sw_reg_1_              0.001003   0.0007625    0.001844   7.885e-05  DFF_X1
iir_inst_mult_55_U30            0.001082   0.0006397    0.001786   6.452e-05  FA_X1
iir_inst_mult_55_U166          0.0001979    0.001569    0.001781   1.435e-05  INV_X1
iir_inst_add_62_U1_7            0.001415   0.0002258    0.001717   7.586e-05  FA_X1
iir_inst_mult_54_U9              0.00111   0.0005119     0.00169   6.836e-05  FA_X1
iir_inst_add_53_U1_1           0.0007539   0.0008088    0.001629   6.655e-05  FA_X1
iir_inst_mult_56_U25           0.0008613    0.000617    0.001547   6.887e-05  FA_X1
iir_inst_mult_56_U18           0.0008607   0.0005923    0.001528    7.52e-05  FA_X1
iir_inst_mult_54_U19           0.0008607   0.0005911    0.001527    7.52e-05  FA_X1
iir_inst_mult_56_U22           0.0008623   0.0005857     0.00152   7.252e-05  FA_X1
iir_inst_mult_54_U23           0.0008618   0.0005794    0.001513   7.222e-05  FA_X1
iir_inst_mult_56_U32           0.0008569   0.0005785    0.001502   6.641e-05  FA_X1
iir_inst_mult_54_U11            0.001066   0.0003666      0.0015   6.782e-05  FA_X1
iir_inst_mult_54_U26             0.00086   0.0005697    0.001498   6.881e-05  FA_X1
iir_inst_mult_56_U29           0.0008581   0.0005697    0.001497    6.89e-05  FA_X1
iir_inst_mult_54_U21           0.0008562   0.0005682    0.001495   7.049e-05  FA_X1
iir_inst_mult_54_U30           0.0008579   0.0005651    0.001492    6.89e-05  FA_X1
reg_file2_inst_registers_reg_1_   0.001142   0.0002681    0.001489   7.885e-05  DFF_X1
reg_file2_inst_registers_reg_5_   0.001142   0.0002648    0.001485   7.885e-05  DFF_X1
iir_inst_mult_56_U20            0.000856   0.0005565    0.001483   7.049e-05  FA_X1
reg_file2_inst_registers_reg_6_   0.001142   0.0002615    0.001482   7.885e-05  DFF_X1
reg_file2_inst_registers_reg_2_   0.001142     0.00026     0.00148   7.885e-05  DFF_X1
reg_file2_inst_registers_reg_4_   0.001142   0.0002598     0.00148   7.885e-05  DFF_X1
reg_file2_inst_registers_reg_0_   0.001142   0.0002579    0.001478   7.885e-05  DFF_X1
reg_file2_inst_registers_reg_3_   0.001141   0.0002538    0.001474   7.885e-05  DFF_X1
iir_inst_mult_55_U31           0.0008406   0.0005742    0.001471    5.62e-05  HA_X1
reg_file2_inst_registers_reg_7_   0.001141   0.0002497     0.00147   7.885e-05  DFF_X1
iir_inst_mult_54_U10           0.0009727   0.0004249    0.001464   6.615e-05  FA_X1
iir_inst_mult_55_U40           0.0008003   0.0005636     0.00142    5.62e-05  HA_X1
iir_inst_mult_54_U33           0.0007995   0.0005428    0.001409   6.641e-05  FA_X1
iir_inst_mult_54_U38           0.0007893   0.0005379    0.001395   6.801e-05  FA_X1
iir_inst_U34                   0.0008594   0.0004568    0.001341   2.491e-05  XOR2_X1
iir_inst_U38                   0.0008591   0.0004536    0.001338   2.491e-05  XOR2_X1
iir_inst_U42                   0.0008553   0.0004561    0.001336   2.495e-05  XOR2_X1
iir_inst_mult_56_U37           0.0007877   0.0004713    0.001327   6.801e-05  FA_X1
iir_inst_U40                   0.0008572   0.0004399    0.001322   2.492e-05  XOR2_X1
iir_inst_U36                     0.00086   0.0004297    0.001315   2.491e-05  XOR2_X1
iir_inst_U44                   0.0008513   0.0004297    0.001306   2.499e-05  XOR2_X1
FE_DBTC0_iir_inst_sw_0         7.906e-05    0.001211    0.001302   1.228e-05  INV_X1
iir_inst_mult_54_U36           0.0007288   0.0004956    0.001287    6.26e-05  FA_X1
iir_inst_mult_56_U35           0.0007282   0.0004787    0.001269    6.26e-05  FA_X1
iir_inst_mult_54_U18            0.000686   0.0004444    0.001201   7.051e-05  FA_X1
iir_inst_mult_54_U12           0.0008572   0.0002772    0.001199   6.417e-05  FA_X1
iir_inst_mult_54_U27           0.0006959   0.0004284    0.001196   7.186e-05  FA_X1
iir_inst_mult_55_U34           0.0006884   0.0004427    0.001187   5.615e-05  HA_X1
iir_inst_mult_54_U34           0.0006855   0.0004192    0.001172   6.712e-05  FA_X1
iir_inst_mult_56_U26           0.0006954   0.0003972    0.001165   7.256e-05  FA_X1
iir_inst_mult_56_U23           0.0006837    0.000411    0.001165    7.02e-05  FA_X1
iir_inst_mult_54_U24           0.0006836   0.0004006    0.001154    7.02e-05  FA_X1
iir_inst_mult_56_U33           0.0006847   0.0004008    0.001153   6.712e-05  FA_X1
iir_inst_mult_55_U38           0.0006871   0.0004056    0.001149   5.615e-05  HA_X1
iir_inst_mult_54_U22           0.0006849   0.0003925    0.001148   7.051e-05  FA_X1
iir_inst_mult_56_U184          0.0005481   0.0005541     0.00114   3.813e-05  XNOR2_X1
iir_inst_mult_56_U21           0.0006846   0.0003835    0.001139   7.051e-05  FA_X1
iir_inst_mult_56_U17            0.000685   0.0003738    0.001129   7.051e-05  FA_X1
iir_inst_mult_55_U192          0.0005867   0.0004838    0.001107   3.616e-05  XOR2_X1
iir_inst_mult_55_U220          0.0005866   0.0004758    0.001099   3.616e-05  XOR2_X1
iir_inst_U46                   0.0006998   0.0003718    0.001097   2.508e-05  XOR2_X1
iir_inst_mult_55_U234          0.0005862   0.0004704    0.001093   3.616e-05  XOR2_X1
iir_inst_mult_55_U214          0.0005873   0.0004647    0.001088   3.616e-05  XOR2_X1
iir_inst_mult_55_U255          0.0005864   0.0004647    0.001087   3.616e-05  XOR2_X1
iir_inst_U48                   0.0006829   0.0003785    0.001087   2.527e-05  XOR2_X1
iir_inst_mult_55_U229          0.0005864   0.0004638    0.001086   3.616e-05  XOR2_X1
iir_inst_mult_55_U252          0.0005858   0.0004631    0.001085   3.616e-05  XOR2_X1
iir_inst_mult_55_U233          0.0005802   0.0004662    0.001083   3.645e-05  XNOR2_X1
iir_inst_mult_55_U184          0.0005513   0.0004896    0.001079   3.813e-05  XNOR2_X1
iir_inst_mult_55_U263          0.0005797   0.0004605    0.001077   3.644e-05  XNOR2_X1
iir_inst_mult_55_U218           0.000586   0.0004526    0.001075   3.616e-05  XOR2_X1
iir_inst_mult_55_U231          0.0005856    0.000453    0.001075   3.616e-05  XOR2_X1
iir_inst_mult_55_U190          0.0005872    0.000451    0.001074   3.616e-05  XOR2_X1
iir_inst_mult_55_U265          0.0005803   0.0004542    0.001071   3.644e-05  XNOR2_X1
iir_inst_mult_55_U194          0.0005859   0.0004479     0.00107   3.616e-05  XOR2_X1
iir_inst_mult_55_U267          0.0005801   0.0004531     0.00107   3.645e-05  XNOR2_X1
iir_inst_mult_55_U250          0.0005863   0.0004465    0.001069   3.616e-05  XOR2_X1
iir_inst_mult_55_U242          0.0005865   0.0004441    0.001067   3.616e-05  XOR2_X1
iir_inst_mult_55_U249          0.0005857   0.0004382     0.00106   3.616e-05  XOR2_X1
iir_inst_mult_55_U261          0.0005806   0.0004429     0.00106   3.644e-05  XNOR2_X1
iir_inst_mult_54_U37           0.0006155   0.0003817     0.00106   6.223e-05  FA_X1
iir_inst_mult_54_U40           0.0005943   0.0004015    0.001058   6.223e-05  FA_X1
iir_inst_mult_55_U216          0.0005868   0.0004346    0.001058   3.616e-05  XOR2_X1
iir_inst_mult_55_U270          0.0005797   0.0004404    0.001057   3.644e-05  XNOR2_X1
iir_inst_mult_56_U36           0.0006155   0.0003762    0.001054   6.223e-05  FA_X1
iir_inst_mult_55_U259          0.0005812   0.0004323     0.00105   3.644e-05  XNOR2_X1
iir_inst_mult_55_U244          0.0005869   0.0004239    0.001047   3.616e-05  XOR2_X1
iir_inst_mult_54_U31           0.0006011   0.0003652    0.001031    6.47e-05  FA_X1
iir_inst_mult_55_U171           0.000137   0.0008775    0.001029   1.435e-05  INV_X1
iir_inst_mult_56_U39           0.0005936   0.0003641     0.00102   6.223e-05  FA_X1
iir_inst_mult_56_U30           0.0006004   0.0003507    0.001016    6.47e-05  FA_X1
iir_inst_mult_55_U185          0.0006297   0.0003294   0.0009935   3.442e-05  XOR2_X1
iir_inst_mult_56_U185           0.000625   0.0003303   0.0009897   3.442e-05  XOR2_X1
iir_inst_mult_54_U14           0.0006715   0.0002311   0.0009684   6.591e-05  FA_X1
iir_inst_mult_54_U187           0.000638    0.000288   0.0009607   3.476e-05  XNOR2_X1
iir_inst_mult_55_U247           0.000519   0.0004023   0.0009575   3.616e-05  XOR2_X1
iir_inst_mult_54_U13           0.0006658   0.0002241   0.0009526   6.265e-05  FA_X1
iir_inst_mult_55_U274          0.0005193   0.0003886   0.0009441   3.616e-05  XOR2_X1
iir_inst_mult_55_U257           0.000514   0.0003909   0.0009412   3.644e-05  XNOR2_X1
iir_inst_mult_55_U202          0.0005195   0.0003832   0.0009388   3.616e-05  XOR2_X1
iir_inst_mult_55_U248          0.0003558   0.0005066   0.0008974    3.49e-05  OAI22_X1
iir_inst_mult_55_U203          0.0005997    0.000254   0.0008926   3.893e-05  AOI222_X1
iir_inst_mult_55_U239          0.0004563    0.000396   0.0008903   3.796e-05  XNOR2_X1
iir_inst_mult_55_U240          0.0004502    0.000414   0.0008879   2.368e-05  OR2_X1
iir_inst_add_62_U2              0.000494   0.0003684   0.0008874   2.506e-05  AND2_X1
iir_inst_mult_54_U188          0.0005077   0.0003312   0.0008793   4.043e-05  XOR2_X1
iir_inst_mult_55_U187          0.0006126   0.0002286   0.0008773   3.617e-05  XOR2_X1
iir_inst_mult_55_U251          0.0003557   0.0004793   0.0008699    3.49e-05  OAI22_X1
iir_inst_add_62_U1             0.0005918   0.0002379   0.0008658   3.615e-05  XOR2_X1
iir_inst_mult_55_U226          0.0004567   0.0003699   0.0008628   3.616e-05  XOR2_X1
iir_inst_mult_55_U204          0.0005845   0.0002363   0.0008576   3.683e-05  AOI222_X1
iir_inst_mult_55_U198          0.0005848   0.0002266   0.0008475   3.616e-05  XOR2_X1
iir_inst_mult_55_U224          0.0005847   0.0002251    0.000846   3.616e-05  XOR2_X1
iir_inst_mult_54_U32           0.0004604   0.0003279   0.0008445    5.62e-05  HA_X1
iir_inst_mult_55_U272          0.0005847   0.0002181    0.000839   3.616e-05  XOR2_X1
iir_inst_mult_55_U200          0.0004565    0.000343   0.0008357   3.616e-05  XOR2_X1
iir_inst_mult_56_U31           0.0004597   0.0003125   0.0008284    5.62e-05  HA_X1
iir_inst_mult_55_U277          0.0004565   0.0003352   0.0008279   3.616e-05  XOR2_X1
iir_inst_mult_54_U41           0.0004356   0.0003259   0.0008177    5.62e-05  HA_X1
reg_file1_inst_registers_reg_7_  0.0005873   0.0001377   0.0008038    7.88e-05  DFF_X1
iir_inst_mult_56_U40           0.0004349   0.0003033   0.0007944    5.62e-05  HA_X1
iir_inst_U13                   0.0002941   0.0004396   0.0007811   4.742e-05  XOR2_X1
iir_inst_mult_54_U39            0.000403   0.0003165   0.0007757   5.617e-05  HA_X1
iir_inst_mult_55_U232          0.0003545   0.0003733   0.0007627    3.49e-05  OAI22_X1
iir_inst_mult_55_U219           0.000355   0.0003697   0.0007596    3.49e-05  OAI22_X1
iir_inst_mult_54_U15           0.0005018    0.000197   0.0007595   6.058e-05  FA_X1
iir_inst_mult_56_U34           0.0004029   0.0003001   0.0007592   5.617e-05  HA_X1
iir_inst_mult_55_U193          0.0003548   0.0003652    0.000755    3.49e-05  OAI22_X1
reg_file1_inst_registers_reg_2_  0.0005862   8.808e-05   0.0007531    7.88e-05  DFF_X1
reg_file1_inst_registers_reg_1_  0.0005861   8.546e-05   0.0007504    7.88e-05  DFF_X1
reg_file1_inst_registers_reg_4_  0.0005861   8.432e-05   0.0007492    7.88e-05  DFF_X1
iir_inst_mult_55_U241          0.0003547   0.0003588   0.0007484    3.49e-05  OAI22_X1
reg_file1_inst_registers_reg_6_   0.000586   8.197e-05   0.0007467    7.88e-05  DFF_X1
iir_inst_mult_55_U227          0.0003543   0.0003575   0.0007467    3.49e-05  OAI22_X1
reg_file1_inst_registers_reg_3_  0.0005859   8.062e-05   0.0007453    7.88e-05  DFF_X1
reg_file1_inst_registers_reg_0_  0.0005859   8.017e-05   0.0007449    7.88e-05  DFF_X1
reg_file1_inst_registers_reg_5_  0.0005858   7.801e-05   0.0007426    7.88e-05  DFF_X1
iir_inst_mult_55_U258           0.000301   0.0004029   0.0007388    3.49e-05  OAI22_X1
iir_inst_mult_55_U228          0.0003544   0.0003401   0.0007295    3.49e-05  OAI22_X1
iir_inst_mult_54_U35           0.0004033   0.0002685    0.000728   5.617e-05  HA_X1
iir_inst_mult_55_U215          0.0003548   0.0003357   0.0007254    3.49e-05  OAI22_X1
iir_inst_mult_55_U205          0.0004762   0.0002119   0.0007219   3.392e-05  AOI222_X1
iir_inst_mult_55_U201          0.0003474   0.0003376     0.00072    3.49e-05  OAI22_X1
iir_inst_mult_55_U230          0.0003542   0.0003261   0.0007152    3.49e-05  OAI22_X1
iir_inst_mult_55_U188          0.0003473   0.0003304   0.0007126    3.49e-05  OAI22_X1
iir_inst_mult_56_U38           0.0004021   0.0002522   0.0007104   5.617e-05  HA_X1
iir_inst_mult_55_U217          0.0003546   0.0003187   0.0007082    3.49e-05  OAI22_X1
iir_inst_U11                   0.0001888   0.0005043   0.0007075   1.438e-05  INV_X1
iir_inst_mult_55_U213          0.0003545     0.00031   0.0006995    3.49e-05  OAI22_X1
my_ff2_inst_data_reg           0.0005636   5.666e-05   0.0006981   7.786e-05  DFF_X1
iir_inst_mult_55_U262          0.0003007   0.0003489   0.0006845    3.49e-05  OAI22_X1
iir_inst_mult_55_U191          0.0003545    0.000292   0.0006814    3.49e-05  OAI22_X1
iir_inst_mult_55_U266          0.0003007   0.0003428   0.0006784    3.49e-05  OAI22_X1
iir_inst_mult_55_U243          0.0003469    0.000295   0.0006768    3.49e-05  OAI22_X1
iir_inst_mult_55_U260          0.0003006   0.0003378   0.0006732    3.49e-05  OAI22_X1
iir_inst_mult_55_U164          0.0002092   0.0004432   0.0006686   1.614e-05  INV_X1
iir_inst_mult_55_U165          0.0002071   0.0004421   0.0006661    1.68e-05  INV_X1
iir_inst_mult_55_U256          0.0002935   0.0003362   0.0006645    3.49e-05  OAI22_X1
iir_inst_mult_56_U203          0.0004429   0.0001805   0.0006622   3.881e-05  AOI222_X1
iir_inst_mult_55_U189           0.000354   0.0002687   0.0006576    3.49e-05  OAI22_X1
iir_inst_mult_55_U264          0.0003005   0.0003215   0.0006569    3.49e-05  OAI22_X1
iir_inst_U8                    0.0001888   0.0004519    0.000655   1.435e-05  INV_X1
iir_inst_mult_55_U223          0.0002996   0.0003115    0.000646    3.49e-05  OAI22_X1
iir_inst_mult_55_U206          0.0004457   0.0001656   0.0006445    3.32e-05  AOI222_X1
my_ff1_inst_data_reg           0.0005142   4.968e-05   0.0006427   7.882e-05  DFF_X1
iir_inst_mult_54_U262          0.0002813     0.00032   0.0006404   3.911e-05  XNOR2_X1
iir_inst_mult_55_U199          0.0003114   0.0002863   0.0006326    3.49e-05  OAI22_X1
iir_inst_mult_54_U16           0.0003827   0.0001864    0.000631   6.191e-05  HA_X1
iir_inst_U10                    0.000189    0.000427   0.0006303   1.436e-05  INV_X1
iir_inst_U9                    0.0001889   0.0004262   0.0006295   1.436e-05  INV_X1
iir_inst_mult_55_U225           0.000311   0.0002772   0.0006231    3.49e-05  OAI22_X1
iir_inst_U5                    0.0001891   0.0004172   0.0006206   1.435e-05  INV_X1
iir_inst_mult_55_U197          0.0002998   0.0002802   0.0006149    3.49e-05  OAI22_X1
iir_inst_U4                    0.0001842   0.0004107   0.0006093   1.435e-05  INV_X1
iir_inst_mult_55_U271          0.0002996   0.0002708   0.0006052    3.49e-05  OAI22_X1
iir_inst_mult_55_U172          0.0001855   0.0003912    0.000594   1.727e-05  INV_X1
iir_inst_mult_56_U204          0.0003841   0.0001634   0.0005834   3.587e-05  AOI222_X1
iir_inst_mult_55_U273          0.0003107   0.0002185   0.0005641    3.49e-05  OAI22_X1
iir_inst_mult_55_U186          0.0002718   0.0002528    0.000564   3.942e-05  OAI22_X1
iir_inst_mult_54_U245          0.0003023    0.000226   0.0005637   3.544e-05  XOR2_X1
iir_inst_mult_55_U212          0.0002583   0.0002676   0.0005608    3.49e-05  OAI22_X1
iir_inst_mult_56_U250          0.0003023     0.00022   0.0005578   3.544e-05  XOR2_X1
iir_inst_mult_56_U218          0.0003029   0.0002169   0.0005552   3.544e-05  XOR2_X1
iir_inst_mult_56_U255          0.0003023   0.0002161   0.0005539   3.544e-05  XOR2_X1
iir_inst_mult_56_U231          0.0003027   0.0002156   0.0005537   3.544e-05  XOR2_X1
iir_inst_mult_56_U190           0.000302   0.0002158   0.0005532   3.544e-05  XOR2_X1
iir_inst_mult_56_U242          0.0003019   0.0002158   0.0005531   3.544e-05  XOR2_X1
iir_inst_mult_56_U229          0.0003014   0.0002159   0.0005527   3.544e-05  XOR2_X1
iir_inst_mult_56_U249          0.0003021   0.0002149   0.0005525   3.544e-05  XOR2_X1
FE_RC_8_0                      0.0003174   0.0002026   0.0005524   3.238e-05  AOI21_X1
iir_inst_mult_56_U216          0.0003016    0.000215   0.0005521   3.544e-05  XOR2_X1
iir_inst_mult_56_U192          0.0003016   0.0002136   0.0005506   3.544e-05  XOR2_X1
iir_inst_mult_56_U194          0.0003029   0.0002121   0.0005505   3.544e-05  XOR2_X1
iir_inst_mult_56_U234          0.0003017   0.0002128   0.0005499   3.544e-05  XOR2_X1
iir_inst_mult_56_U252          0.0003022   0.0002121   0.0005497   3.544e-05  XOR2_X1
iir_inst_mult_54_U254          0.0002825   0.0002268   0.0005484   3.911e-05  XNOR2_X1
iir_inst_mult_56_U220          0.0003019   0.0002107   0.0005481   3.544e-05  XOR2_X1
iir_inst_mult_56_U244          0.0003018   0.0002104   0.0005477   3.544e-05  XOR2_X1
iir_inst_mult_54_U260          0.0002836   0.0002239   0.0005466   3.911e-05  XNOR2_X1
iir_inst_mult_56_U214           0.000302   0.0002091   0.0005465   3.544e-05  XOR2_X1
iir_inst_mult_54_U237          0.0002832    0.000221   0.0005433   3.911e-05  XNOR2_X1
iir_inst_mult_54_U273          0.0002826   0.0002208   0.0005425   3.911e-05  XNOR2_X1
iir_inst_mult_54_U235          0.0002837    0.000219   0.0005418   3.911e-05  XNOR2_X1
iir_inst_mult_54_U256          0.0002844   0.0002182   0.0005417   3.911e-05  XNOR2_X1
iir_inst_mult_56_U265          0.0002828   0.0002193   0.0005412   3.911e-05  XNOR2_X1
iir_inst_mult_56_U267          0.0002835   0.0002184    0.000541   3.911e-05  XNOR2_X1
iir_inst_mult_54_U240          0.0002837   0.0002179   0.0005407   3.911e-05  XNOR2_X1
iir_inst_mult_54_U242          0.0002829   0.0002179   0.0005399   3.911e-05  XNOR2_X1
iir_inst_mult_54_U258          0.0002831   0.0002172   0.0005393   3.911e-05  XNOR2_X1
iir_inst_mult_56_U270          0.0002831   0.0002169   0.0005391   3.911e-05  XNOR2_X1
iir_inst_mult_54_U202          0.0002826   0.0002171   0.0005388   3.911e-05  XNOR2_X1
iir_inst_mult_54_U252          0.0002834   0.0002155    0.000538   3.911e-05  XNOR2_X1
iir_inst_mult_54_U200          0.0002834   0.0002149   0.0005373   3.911e-05  XNOR2_X1
iir_inst_mult_54_U278          0.0002845   0.0002133   0.0005369   3.911e-05  XNOR2_X1
iir_inst_mult_54_U275          0.0002831   0.0002137   0.0005358   3.911e-05  XNOR2_X1
iir_inst_mult_54_U215          0.0002828   0.0002137   0.0005357   3.911e-05  XNOR2_X1
iir_inst_mult_56_U233          0.0002843   0.0002119   0.0005353   3.911e-05  XNOR2_X1
iir_inst_mult_56_U263          0.0002844   0.0002117   0.0005352   3.911e-05  XNOR2_X1
iir_inst_mult_56_U259          0.0002832   0.0002127    0.000535   3.911e-05  XNOR2_X1
iir_inst_mult_54_U231          0.0002835   0.0002124    0.000535   3.911e-05  XNOR2_X1
iir_inst_mult_54_U219          0.0002832   0.0002127    0.000535   3.911e-05  XNOR2_X1
iir_inst_mult_56_U261          0.0002825   0.0002122   0.0005338   3.911e-05  XNOR2_X1
iir_inst_mult_54_U206          0.0002831   0.0002114   0.0005336   3.911e-05  XNOR2_X1
iir_inst_mult_54_U271          0.0002834   0.0002104   0.0005329   3.911e-05  XNOR2_X1
iir_inst_mult_54_U204          0.0002846   0.0002081   0.0005319   3.911e-05  XNOR2_X1
FE_RC_6_0                      0.0003114   0.0001873   0.0005312   3.238e-05  AOI21_X1
iir_inst_mult_54_U217          0.0002848   0.0002062   0.0005301   3.911e-05  XNOR2_X1
iir_inst_mult_54_U234          0.0002835   0.0002068   0.0005294   3.911e-05  XNOR2_X1
iir_inst_mult_56_U248          0.0001917   0.0003004    0.000527    3.49e-05  OAI22_X1
iir_inst_mult_55_U167          0.0001515   0.0003567   0.0005213   1.303e-05  INV_X1
iir_inst_mult_56_U247          0.0002777   0.0002056   0.0005187   3.544e-05  XOR2_X1
iir_inst_mult_56_U202          0.0002779   0.0002045   0.0005179   3.544e-05  XOR2_X1
iir_inst_mult_54_U236          0.0001918   0.0002867   0.0005134    3.49e-05  OAI22_X1
iir_inst_mult_54_U241          0.0001954   0.0002898   0.0005119   2.676e-05  AOI22_X1
iir_inst_mult_56_U274          0.0002779   0.0001985   0.0005118   3.544e-05  XOR2_X1
iir_inst_mult_56_U239          0.0002482   0.0002234   0.0005096   3.796e-05  XNOR2_X1
iir_inst_mult_54_U250          0.0002587   0.0002115   0.0005093   3.911e-05  XNOR2_X1
iir_inst_mult_55_U209           0.000355    0.000115   0.0005091    3.91e-05  MUX2_X1
iir_inst_mult_54_U227          0.0002485   0.0002195    0.000506   3.796e-05  XNOR2_X1
iir_inst_mult_54_U198          0.0002588   0.0002061    0.000504   3.911e-05  XNOR2_X1
FE_RC_7_0                       0.000318   0.0001516   0.0005019   3.238e-05  AOI21_X1
iir_inst_mult_54_U233          0.0001918    0.000274   0.0005007    3.49e-05  OAI22_X1
iir_inst_mult_54_U269          0.0002589   0.0002023   0.0005002   3.911e-05  XNOR2_X1
iir_inst_mult_56_U257          0.0002587   0.0002024   0.0005002   3.911e-05  XNOR2_X1
iir_inst_mult_55_U173          0.0001541   0.0003248    0.000496   1.705e-05  INV_X1
iir_inst_mult_54_U232          0.0002591   0.0001965   0.0004947   3.911e-05  XNOR2_X1
iir_inst_mult_56_U251          0.0001916   0.0002664   0.0004928    3.49e-05  OAI22_X1
iir_inst_U7                    0.0001475   0.0003286   0.0004905   1.435e-05  INV_X1
iir_inst_mult_55_U168           0.000128   0.0003453    0.000486   1.276e-05  INV_X1
iir_inst_mult_56_U240          0.0002447   0.0002172   0.0004856   2.368e-05  OR2_X1
iir_inst_mult_54_U228          0.0002447    0.000212   0.0004803   2.368e-05  OR2_X1
iir_inst_mult_56_U183          6.648e-05   0.0003996   0.0004783   1.228e-05  INV_X1
iir_inst_mult_54_U177          0.0001251   0.0002767   0.0004744   7.259e-05  XOR2_X2
iir_inst_U6                     0.000142   0.0003179   0.0004742   1.435e-05  INV_X1
iir_inst_mult_54_U178           0.000125   0.0002696   0.0004671   7.259e-05  XOR2_X2
iir_inst_mult_54_U248          0.0002345   0.0001935   0.0004671   3.911e-05  XNOR2_X1
iir_inst_mult_56_U164          0.0001433   0.0003039   0.0004641   1.696e-05  INV_X1
iir_inst_mult_54_U212          0.0002346   0.0001878   0.0004615   3.911e-05  XNOR2_X1
iir_inst_mult_56_U187          0.0003112   0.0001164   0.0004583   3.066e-05  XOR2_X1
iir_inst_mult_56_U226          0.0002326   0.0001875    0.000457   3.689e-05  XOR2_X1
iir_inst_mult_54_U267          0.0002345    0.000182   0.0004556   3.911e-05  XNOR2_X1
iir_inst_mult_54_U201          0.0001915   0.0002285    0.000455    3.49e-05  OAI22_X1
iir_inst_mult_54_U196          0.0002346   0.0001788   0.0004524   3.911e-05  XNOR2_X1
iir_inst_mult_56_U277          0.0002325   0.0001821   0.0004514   3.689e-05  XOR2_X1
iir_inst_mult_56_U200          0.0002326   0.0001814   0.0004509   3.689e-05  XOR2_X1
iir_inst_mult_56_U168          0.0001601   0.0002721   0.0004484    1.62e-05  INV_X1
iir_inst_mult_56_U205          0.0002825   0.0001313   0.0004475   3.369e-05  AOI222_X1
iir_inst_mult_54_U197          0.0001892     0.00022   0.0004441    3.49e-05  OAI22_X1
iir_inst_mult_54_U229          0.0001915   0.0002134   0.0004398    3.49e-05  OAI22_X1
iir_inst_mult_54_U274          0.0001915    0.000211   0.0004374    3.49e-05  OAI22_X1
iir_inst_mult_54_U179           0.000125    0.000239   0.0004365   7.259e-05  XOR2_X2
iir_inst_mult_56_U198          0.0002836   0.0001156   0.0004361   3.689e-05  XOR2_X1
iir_inst_mult_54_U268          0.0001891   0.0002118   0.0004358    3.49e-05  OAI22_X1
iir_inst_mult_56_U206           0.000293   0.0001072   0.0004344   3.418e-05  AOI222_X1
iir_inst_mult_54_U194          0.0002829   0.0001115   0.0004335   3.911e-05  XNOR2_X1
iir_inst_mult_55_U196          0.0001682   0.0002425   0.0004319    2.12e-05  NOR2_X1
iir_inst_mult_54_U210          0.0002831   0.0001082   0.0004304   3.911e-05  XNOR2_X1
iir_inst_mult_54_U205          0.0001914   0.0002034   0.0004297    3.49e-05  OAI22_X1
iir_inst_mult_56_U224          0.0002837   0.0001077   0.0004283   3.689e-05  XOR2_X1
iir_inst_mult_54_U265           0.000283   0.0001061   0.0004282   3.911e-05  XNOR2_X1
iir_inst_mult_56_U272          0.0002835   0.0001071   0.0004274   3.689e-05  XOR2_X1
iir_inst_mult_54_U203          0.0001914   0.0002002   0.0004265    3.49e-05  OAI22_X1
iir_inst_mult_56_U227          0.0001909   0.0001996   0.0004254    3.49e-05  OAI22_X1
iir_inst_mult_54_U199          0.0001914    0.000197   0.0004233    3.49e-05  OAI22_X1
iir_inst_mult_56_U241          0.0001912   0.0001965   0.0004226    3.49e-05  OAI22_X1
iir_inst_mult_56_U232          0.0001909    0.000195   0.0004208    3.49e-05  OAI22_X1
iir_inst_mult_55_U170          0.0001591   0.0002485   0.0004206   1.303e-05  INV_X1
iir_inst_mult_54_U218          0.0001926   0.0001924   0.0004199    3.49e-05  OAI22_X1
iir_inst_mult_55_U222           0.000168   0.0002307   0.0004199    2.12e-05  NOR2_X1
iir_inst_mult_56_U228          0.0001909   0.0001933   0.0004191    3.49e-05  OAI22_X1
iir_inst_mult_56_U219          0.0001911   0.0001905   0.0004165    3.49e-05  OAI22_X1
iir_inst_mult_54_U213           0.000191   0.0001889   0.0004148    3.49e-05  OAI22_X1
iir_inst_mult_56_U201          0.0001888    0.000191   0.0004147    3.49e-05  OAI22_X1
iir_inst_mult_54_U195           0.000177   0.0002013   0.0004132    3.49e-05  OAI22_X1
iir_inst_mult_56_U193          0.0001911   0.0001869   0.0004129    3.49e-05  OAI22_X1
iir_inst_mult_56_U188          0.0001887   0.0001857   0.0004093    3.49e-05  OAI22_X1
iir_inst_mult_54_U272          0.0001914   0.0001826   0.0004088    3.49e-05  OAI22_X1
iir_inst_mult_56_U215          0.0001911   0.0001826   0.0004086    3.49e-05  OAI22_X1
iir_inst_mult_54_U216           0.000191   0.0001788   0.0004047    3.49e-05  OAI22_X1
iir_inst_mult_56_U230          0.0001908   0.0001776   0.0004033    3.49e-05  OAI22_X1
iir_inst_mult_56_U243          0.0001885   0.0001794   0.0004028    3.49e-05  OAI22_X1
iir_inst_mult_56_U217          0.0001911   0.0001748   0.0004008    3.49e-05  OAI22_X1
iir_inst_mult_56_U262          0.0001637   0.0001972   0.0003957    3.49e-05  OAI22_X1
iir_inst_mult_54_U214          0.0001909   0.0001687   0.0003945    3.49e-05  OAI22_X1
iir_inst_mult_56_U213           0.000191   0.0001682   0.0003941    3.49e-05  OAI22_X1
iir_inst_mult_56_U258          0.0001636   0.0001952   0.0003937    3.49e-05  OAI22_X1
iir_inst_mult_54_U270          0.0001913   0.0001656   0.0003918    3.49e-05  OAI22_X1
iir_inst_mult_54_U230          0.0001885   0.0001678   0.0003913    3.49e-05  OAI22_X1
iir_inst_mult_56_U264          0.0001637   0.0001924   0.0003909    3.49e-05  OAI22_X1
iir_inst_mult_55_U169          0.0001316   0.0002463   0.0003907   1.276e-05  INV_X1
iir_inst_mult_55_U175          0.0001308   0.0002462   0.0003898   1.276e-05  INV_X1
FE_OFC0_iir_inst_mult_55_n242  7.964e-05   0.0002869   0.0003895   2.292e-05  CLKBUF_X2
iir_inst_mult_54_U209          0.0001726   0.0001804   0.0003879    3.49e-05  OAI22_X1
iir_inst_mult_54_U264          0.0001729   0.0001744   0.0003822    3.49e-05  OAI22_X1
iir_inst_mult_54_U255          0.0001639    0.000183   0.0003818    3.49e-05  OAI22_X1
iir_inst_mult_56_U266          0.0001636   0.0001807   0.0003792    3.49e-05  OAI22_X1
iir_inst_mult_54_U251          0.0001639   0.0001802    0.000379    3.49e-05  OAI22_X1
iir_inst_mult_56_U256          0.0001612   0.0001827   0.0003788    3.49e-05  OAI22_X1
iir_inst_mult_54_U257           0.000164   0.0001779   0.0003768    3.49e-05  OAI22_X1
iir_inst_mult_56_U260          0.0001636   0.0001768   0.0003753    3.49e-05  OAI22_X1
iir_inst_mult_56_U165          0.0001121   0.0002452   0.0003744   1.709e-05  INV_X1
FE_OFC1_iir_inst_mult_56_n242  7.952e-05   0.0002705   0.0003729   2.292e-05  CLKBUF_X2
iir_inst_mult_54_U259          0.0001643   0.0001727    0.000372    3.49e-05  OAI22_X1
iir_inst_mult_56_U225          0.0001764     0.00016   0.0003713    3.49e-05  OAI22_X1
iir_inst_mult_56_U199          0.0001766   0.0001596   0.0003711    3.49e-05  OAI22_X1
iir_inst_mult_54_U249          0.0001616   0.0001743   0.0003708    3.49e-05  OAI22_X1
iir_inst_mult_56_U189          0.0001909   0.0001444   0.0003702    3.49e-05  OAI22_X1
iir_inst_mult_56_U191          0.0001908    0.000143   0.0003688    3.49e-05  OAI22_X1
iir_inst_mult_54_U266          0.0001768   0.0001569   0.0003686    3.49e-05  OAI22_X1
iir_inst_mult_54_U253           0.000164   0.0001687   0.0003675    3.49e-05  OAI22_X1
iir_inst_mult_54_U193          0.0001728   0.0001585   0.0003662    3.49e-05  OAI22_X1
FE_OFC3_iir_inst_mult_55_n235  7.948e-05   0.0002636    0.000366   2.292e-05  CLKBUF_X2
iir_inst_mult_56_U197           0.000173   0.0001572    0.000365    3.49e-05  OAI22_X1
FE_OFC2_iir_inst_mult_56_n235  7.949e-05   0.0002621   0.0003645   2.292e-05  CLKBUF_X2
iir_inst_mult_56_U223          0.0001726   0.0001567   0.0003642    3.49e-05  OAI22_X1
iir_inst_mult_54_U211          0.0001764   0.0001478   0.0003591    3.49e-05  OAI22_X1
FE_OFC4_iir_inst_mult_55_n230  7.944e-05    0.000256   0.0003583   2.292e-05  CLKBUF_X2
iir_inst_mult_54_U247          0.0001514   0.0001718   0.0003581    3.49e-05  OAI22_X1
iir_inst_mult_56_U271          0.0001728   0.0001491   0.0003569    3.49e-05  OAI22_X1
FE_OFC5_iir_inst_mult_56_n230  7.938e-05   0.0002499   0.0003522   2.292e-05  CLKBUF_X2
iir_inst_mult_55_U174          9.718e-05   0.0002302   0.0003449   1.751e-05  INV_X1
iir_inst_mult_56_U273          0.0001764   0.0001315   0.0003428    3.49e-05  OAI22_X1
iir_inst_U49                   0.0002125   9.176e-05   0.0003309    2.66e-05  OR4_X1
iir_inst_mult_56_U212          0.0001507   0.0001396   0.0003234   3.313e-05  OAI22_X1
iir_inst_mult_54_U246          0.0001502    0.000138   0.0003213   3.313e-05  OAI22_X1
iir_inst_mult_56_U209          0.0002126   7.053e-05   0.0003209   3.773e-05  MUX2_X1
iir_inst_mult_56_U166          0.0001002   0.0001998   0.0003167   1.666e-05  INV_X1
iir_inst_mult_56_U186          0.0001498   0.0001261   0.0003153   3.942e-05  OAI22_X1
iir_inst_mult_55_U237           0.000135    0.000138   0.0003089   3.594e-05  OAI21_X1
reg_file2_inst_U12             0.0001734   0.0001098   0.0003073   2.412e-05  AOI22_X1
reg_file2_inst_U14             0.0001734   0.0001058   0.0003033   2.412e-05  AOI22_X1
reg_file2_inst_U10             0.0001733   0.0001057   0.0003032   2.412e-05  AOI22_X1
reg_file2_inst_U16             0.0001745   0.0001034    0.000302   2.412e-05  AOI22_X1
reg_file2_inst_U18             0.0001732   0.0001038   0.0003011   2.412e-05  AOI22_X1
iir_inst_mult_55_U207          0.0001348     0.00013   0.0003007   3.594e-05  OAI21_X1
iir_inst_mult_55_U235          0.0001355   0.0001288   0.0003002   3.594e-05  OAI21_X1
reg_file2_inst_U6              0.0001733   0.0001026      0.0003   2.412e-05  AOI22_X1
iir_inst_U24                   0.0001704   0.0001054      0.0003   2.412e-05  AOI22_X1
reg_file2_inst_U8              0.0001732   0.0001017    0.000299   2.412e-05  AOI22_X1
reg_file2_inst_U20             0.0001732   0.0001007   0.0002981   2.412e-05  AOI22_X1
iir_inst_U28                   0.0001772   9.419e-05   0.0002955   2.412e-05  AOI22_X1
iir_inst_U20                   0.0001731   9.547e-05   0.0002927   2.412e-05  AOI22_X1
iir_inst_U16                   0.0001716   9.673e-05   0.0002924   2.412e-05  AOI22_X1
iir_inst_U18                   0.0001723   9.533e-05   0.0002918   2.412e-05  AOI22_X1
iir_inst_U26                   0.0001713   9.465e-05   0.0002901   2.412e-05  AOI22_X1
iir_inst_mult_54_U261          0.0001644   8.476e-05   0.0002886   3.942e-05  OAI22_X1
FE_RC_5_0                      0.0001475   0.0001183   0.0002878   2.207e-05  OAI21_X1
FE_RC_4_0                      0.0001642   9.092e-05   0.0002875   3.238e-05  AOI21_X1
FE_RC_2_0                      0.0001637   9.098e-05   0.0002871   3.238e-05  AOI21_X1
iir_inst_mult_54_U172          8.419e-05   0.0001876   0.0002848   1.303e-05  INV_X1
iir_inst_U22                   0.0001697     9.1e-05   0.0002848   2.412e-05  AOI22_X1
FE_RC_3_0                      0.0001645   8.785e-05   0.0002847   3.238e-05  AOI21_X1
iir_inst_mult_56_U170          8.258e-05   0.0001883   0.0002839   1.303e-05  INV_X1
iir_inst_mult_55_U253          2.806e-05   0.0002384   0.0002839   1.739e-05  NAND2_X1
iir_inst_mult_55_U275          2.798e-05   0.0002356    0.000281   1.739e-05  NAND2_X1
FE_RC_1_0                      0.0001637   8.287e-05   0.0002789   3.238e-05  AOI21_X1
FE_RC_0_0                      0.0001589   8.726e-05   0.0002785   3.238e-05  AOI21_X1
iir_inst_mult_56_U275          2.799e-05   0.0002308   0.0002762   1.739e-05  NAND2_X1
iir_inst_U3                    2.926e-05   0.0002236   0.0002726   1.973e-05  NOR2_X1
iir_inst_mult_56_U172          6.682e-05    0.000191   0.0002705   1.276e-05  INV_X1
iir_inst_mult_54_U238          2.864e-05   0.0002243   0.0002703   1.739e-05  NAND2_X1
iir_inst_mult_56_U253          2.807e-05   0.0002234   0.0002688   1.739e-05  NAND2_X1
iir_inst_mult_54_U276          2.871e-05   0.0002212   0.0002673   1.739e-05  NAND2_X1
iir_inst_mult_54_U169          7.026e-05   0.0001826   0.0002659   1.303e-05  INV_X1
reg_file2_inst_U3              2.926e-05   0.0002153   0.0002643   1.973e-05  NOR2_X1
iir_inst_U30                   0.0001502   8.495e-05   0.0002593   2.412e-05  AOI22_X1
iir_inst_U12                   3.015e-05   0.0002066   0.0002575   2.076e-05  NOR2_X1
iir_inst_mult_55_U236          0.0001643   6.421e-05    0.000253   2.441e-05  OR3_X1
iir_inst_add_53_U1             0.0001329   9.675e-05   0.0002524   2.273e-05  AND2_X1
iir_inst_mult_55_U238           0.000164   6.071e-05   0.0002492   2.441e-05  OR3_X1
iir_inst_mult_56_U174          8.764e-05   0.0001481   0.0002487   1.303e-05  INV_X1
iir_inst_mult_54_U243          2.861e-05    0.000202    0.000248   1.739e-05  NAND2_X1
iir_inst_mult_55_U245          2.809e-05   0.0002024   0.0002479   1.739e-05  NAND2_X1
iir_inst_mult_55_U181          1.557e-05   0.0002157   0.0002456   1.435e-05  INV_X1
iir_inst_mult_56_U245          2.808e-05   0.0001998   0.0002453   1.739e-05  NAND2_X1
iir_inst_mult_54_U171          8.536e-05   0.0001461   0.0002445   1.303e-05  INV_X1
iir_inst_mult_54_U221          8.836e-05   0.0001211   0.0002434   3.386e-05  OAI21_X1
reg_file1_inst_U3              2.838e-05   0.0001946   0.0002433   2.032e-05  NOR2_X1
reg_file2_inst_U4              2.982e-05   0.0001926   0.0002431   2.076e-05  NOR2_X1
iir_inst_mult_56_U173          6.914e-05    0.000156   0.0002379   1.276e-05  INV_X1
iir_inst_mult_56_U179          1.535e-05   0.0002081   0.0002378   1.435e-05  INV_X1
iir_inst_mult_54_U225          8.772e-05   0.0001138   0.0002354   3.386e-05  OAI21_X1
iir_inst_mult_55_U182          1.552e-05   0.0002034   0.0002332   1.435e-05  INV_X1
iir_inst_mult_56_U180          1.519e-05   0.0002033   0.0002328   1.435e-05  INV_X1
iir_inst_mult_54_U192          7.878e-05    0.000132   0.0002328   2.206e-05  NOR2_X1
iir_inst_mult_54_U220          9.065e-05   0.0001123   0.0002323   2.935e-05  OAI21_X1
iir_inst_U32                   0.0001329   7.321e-05   0.0002302   2.412e-05  AOI22_X1
iir_inst_mult_54_U180          1.554e-05   0.0001947   0.0002246   1.435e-05  INV_X1
iir_inst_mult_54_U176          7.106e-05    0.000137   0.0002208   1.276e-05  INV_X1
iir_inst_mult_54_U181          2.234e-05   0.0001796   0.0002193   1.739e-05  NAND2_X1
iir_inst_mult_54_U173          7.089e-05   0.0001345   0.0002182   1.276e-05  INV_X1
iir_inst_mult_54_U174          9.983e-05   0.0001034   0.0002176   1.435e-05  INV_X1
iir_inst_mult_56_U167          5.984e-05   0.0001385   0.0002156   1.726e-05  INV_X1
reg_file1_inst_U4              2.279e-05   0.0001693   0.0002132    2.12e-05  NOR2_X1
iir_inst_mult_56_U237          8.828e-05   9.036e-05   0.0002125   3.386e-05  OAI21_X1
iir_inst_mult_56_U207           8.82e-05   9.032e-05   0.0002124   3.386e-05  OAI21_X1
iir_inst_mult_56_U171          6.945e-05   0.0001292   0.0002114   1.276e-05  INV_X1
iir_inst_mult_54_U208          7.902e-05   0.0001095   0.0002106   2.206e-05  NOR2_X1
iir_inst_mult_56_U235          8.862e-05   8.759e-05   0.0002101   3.386e-05  OAI21_X1
iir_inst_mult_56_U181          1.525e-05    0.000179   0.0002086   1.435e-05  INV_X1
iir_inst_mult_54_U263          7.931e-05   0.0001065   0.0002078   2.206e-05  NOR2_X1
iir_inst_mult_55_U183          1.541e-05   0.0001777   0.0002074   1.435e-05  INV_X1
iir_inst_mult_54_U223          8.821e-05    8.47e-05   0.0002068   3.386e-05  OAI21_X1
iir_inst_mult_56_U196          7.869e-05   0.0001053   0.0002061   2.206e-05  NOR2_X1
iir_inst_mult_56_U222          7.864e-05   0.0001032   0.0002039   2.206e-05  NOR2_X1
iir_inst_mult_56_U176          1.543e-05   0.0001657   0.0001955   1.435e-05  INV_X1
iir_inst_mult_55_U178          1.541e-05   0.0001603   0.0001901   1.435e-05  INV_X1
iir_inst_mult_56_U269          2.229e-05   0.0001488   0.0001885   1.739e-05  NAND2_X1
reg_file2_inst_U19             9.283e-05   7.873e-05    0.000188   1.643e-05  INV_X1
reg_file2_inst_U7              9.288e-05   7.653e-05   0.0001858   1.643e-05  INV_X1
iir_inst_mult_55_U208          0.0001037   6.347e-05   0.0001853    1.81e-05  NAND3_X1
reg_file2_inst_U13             9.312e-05    7.48e-05   0.0001843   1.643e-05  INV_X1
iir_inst_mult_55_U269          2.245e-05   0.0001429   0.0001827   1.739e-05  NAND2_X1
reg_file2_inst_U15             9.301e-05   7.182e-05   0.0001813   1.643e-05  INV_X1
reg_file2_inst_U17             9.306e-05   7.066e-05   0.0001801   1.643e-05  INV_X1
iir_inst_U19                   8.821e-05   7.539e-05     0.00018   1.643e-05  INV_X1
reg_file2_inst_U9              9.316e-05   7.014e-05   0.0001797   1.643e-05  INV_X1
reg_file2_inst_U5              9.302e-05   7.018e-05   0.0001796   1.643e-05  INV_X1
iir_inst_U27                   8.536e-05    7.78e-05   0.0001796   1.643e-05  INV_X1
reg_file2_inst_U11             9.338e-05   6.887e-05   0.0001787   1.643e-05  INV_X1
iir_inst_U15                    8.73e-05   6.971e-05   0.0001734   1.643e-05  INV_X1
iir_inst_U17                   8.773e-05    6.88e-05    0.000173   1.643e-05  INV_X1
iir_inst_U23                   8.713e-05   6.903e-05   0.0001726   1.643e-05  INV_X1
iir_inst_U21                   8.573e-05   6.889e-05    0.000171   1.643e-05  INV_X1
iir_inst_U25                   8.743e-05   6.639e-05   0.0001703   1.643e-05  INV_X1
iir_inst_mult_56_U238          9.594e-05   3.822e-05   0.0001583   2.418e-05  OR3_X1
iir_inst_mult_54_U224          9.653e-05    3.72e-05   0.0001579   2.418e-05  OR3_X1
iir_inst_mult_54_U222          9.656e-05   3.713e-05   0.0001579   2.418e-05  OR3_X1
iir_inst_mult_56_U236          9.611e-05   3.697e-05   0.0001573   2.418e-05  OR3_X1
iir_inst_mult_55_U210          0.0001002   4.128e-05   0.0001546   1.314e-05  NAND2_X1
iir_inst_mult_55_U211          9.487e-05   3.976e-05   0.0001522   1.754e-05  NAND3_X1
iir_inst_U29                   7.462e-05   5.783e-05   0.0001489   1.643e-05  INV_X1
FE_DBTC1_RST_n                 1.555e-05   0.0001116   0.0001415   1.435e-05  INV_X1
iir_inst_mult_54_U190          6.384e-05   5.253e-05    0.000139   2.263e-05  NOR2_X1
iir_inst_U50                   4.103e-05   6.623e-05   0.0001384   3.118e-05  NOR4_X1
iir_inst_U31                   6.805e-05   5.373e-05   0.0001382   1.643e-05  INV_X1
iir_inst_mult_54_U183          1.514e-05   0.0001031   0.0001326   1.435e-05  INV_X1
iir_inst_mult_54_U182          1.515e-05      0.0001   0.0001295   1.435e-05  INV_X1
iir_inst_mult_54_U226          6.331e-05   3.939e-05   0.0001246   2.187e-05  NAND3_X1
iir_inst_mult_56_U208          6.336e-05   3.788e-05   0.0001231   2.187e-05  NAND3_X1
iir_inst_mult_56_U211          7.031e-05    3.04e-05   0.0001219   2.124e-05  NAND3_X1
iir_inst_mult_54_U239          5.965e-05   2.459e-05   0.0001207   3.644e-05  XNOR2_X1
iir_inst_mult_56_U276          6.049e-05   2.276e-05   0.0001194   3.616e-05  XOR2_X1
iir_inst_mult_55_U254          6.077e-05   2.232e-05   0.0001193   3.616e-05  XOR2_X1
iir_inst_mult_56_U246           6.06e-05   2.206e-05   0.0001188   3.616e-05  XOR2_X1
iir_inst_mult_55_U246          6.075e-05    2.18e-05   0.0001187   3.616e-05  XOR2_X1
iir_inst_mult_55_U276          6.076e-05   2.179e-05   0.0001187   3.616e-05  XOR2_X1
iir_inst_mult_56_U254           6.06e-05   2.195e-05   0.0001187   3.616e-05  XOR2_X1
iir_inst_mult_54_U277          5.961e-05    2.23e-05   0.0001184   3.644e-05  XNOR2_X1
iir_inst_mult_54_U244          5.949e-05   2.227e-05   0.0001182   3.644e-05  XNOR2_X1
iir_inst_mult_55_U180          6.001e-05   1.898e-05   0.0001154   3.644e-05  XNOR2_X1
iir_inst_mult_56_U175           5.93e-05   1.965e-05   0.0001154   3.644e-05  XNOR2_X1
iir_inst_mult_55_U179          5.995e-05   1.733e-05   0.0001137   3.644e-05  XNOR2_X1
iir_inst_mult_55_U177          5.977e-05   1.733e-05   0.0001135   3.644e-05  XNOR2_X1
iir_inst_mult_56_U178          5.965e-05   1.733e-05   0.0001134   3.644e-05  XNOR2_X1
iir_inst_mult_56_U177          5.944e-05   1.733e-05   0.0001132   3.644e-05  XNOR2_X1
iir_inst_mult_54_U170          2.189e-05   6.634e-05   0.0001026   1.435e-05  INV_X1
reg_file1_inst_U21             5.095e-05   2.722e-05   0.0001011   2.295e-05  AOI22_X1
reg_file1_inst_U13             5.093e-05   2.697e-05   0.0001009   2.295e-05  AOI22_X1
reg_file1_inst_U19             5.093e-05   2.688e-05   0.0001008   2.295e-05  AOI22_X1
iir_inst_mult_56_U210          5.974e-05   2.649e-05   0.0001006   1.439e-05  NAND2_X1
reg_file1_inst_U15             5.092e-05   2.649e-05   0.0001004   2.295e-05  AOI22_X1
reg_file1_inst_U17             5.094e-05   2.634e-05   0.0001002   2.295e-05  AOI22_X1
reg_file1_inst_U11             5.092e-05   2.632e-05   0.0001002   2.295e-05  AOI22_X1
reg_file1_inst_U9              5.093e-05   2.589e-05   9.977e-05   2.295e-05  AOI22_X1
reg_file1_inst_U7              5.094e-05   2.582e-05   9.971e-05   2.295e-05  AOI22_X1
iir_inst_mult_54_U184          1.512e-05   6.893e-05   9.841e-05   1.435e-05  INV_X1
iir_inst_mult_54_U185          1.511e-05   6.274e-05   9.221e-05   1.435e-05  INV_X1
iir_inst_mult_54_U175          2.237e-05   4.415e-05     8.3e-05   1.648e-05  INV_X1
iir_inst_U47                   2.804e-05   2.375e-05   7.737e-05   2.557e-05  AND2_X1
my_ff1_inst_U3                 3.939e-05   1.276e-05   7.722e-05   2.507e-05  AND2_X1
iir_inst_mult_56_U169          2.027e-05    4.24e-05   7.703e-05   1.435e-05  INV_X1
iir_inst_mult_55_U176           2.03e-05   4.231e-05   7.696e-05   1.435e-05  INV_X1
reg_file1_inst_U12             2.365e-05   2.272e-05   6.289e-05   1.651e-05  INV_X1
my_ff2_inst_U3                 2.965e-05   9.643e-06   6.206e-05   2.277e-05  AND2_X1
reg_file1_inst_U18             2.367e-05   2.079e-05   6.097e-05   1.651e-05  INV_X1
reg_file1_inst_U20             2.369e-05   1.965e-05   5.985e-05   1.651e-05  INV_X1
reg_file1_inst_U10             2.365e-05   1.957e-05   5.973e-05   1.651e-05  INV_X1
reg_file1_inst_U8              2.364e-05    1.95e-05   5.965e-05   1.651e-05  INV_X1
reg_file1_inst_U16             2.365e-05   1.936e-05   5.952e-05   1.651e-05  INV_X1
reg_file1_inst_U14             2.367e-05   1.862e-05   5.879e-05   1.651e-05  INV_X1
reg_file1_inst_U6              2.365e-05   1.842e-05   5.858e-05   1.651e-05  INV_X1
iir_inst_U45                   1.628e-05   1.413e-05     5.6e-05   2.558e-05  AND2_X1
iir_inst_U43                   1.016e-05   9.139e-06   4.489e-05   2.559e-05  AND2_X1
iir_inst_U41                   6.088e-06   5.484e-06   3.716e-05   2.559e-05  AND2_X1
iir_inst_U39                   3.536e-06   3.096e-06   3.222e-05   2.559e-05  AND2_X1
iir_inst_U37                   2.015e-06   1.749e-06   2.935e-05   2.558e-05  AND2_X1
iir_inst_U35                   1.117e-06   1.179e-06   2.788e-05   2.558e-05  AND2_X1
iir_inst_U14                   2.554e-07   3.401e-07   1.467e-05   1.408e-05  NAND2_X1

---------------------------------------------------------------------------------------

Total (    563 of    563  )       0.2259       0.173     0.4207     0.02179
Total Capacitance                3.141e-12 F
Power Density                   *** No Die Area ***
